0 1 2 -1 -1 
3 4 5 6 -1 
7 8 9 10 11 
-1 12 13 14 15 
-1 -1 16 17 18 
(1, 1) -> (2, 1) -> __9__(3, 1) -> __137__137
(1, 1) -> (2, 2) -> __153__(3, 3) -> __665__(4, 4) -> __17049__(5, 5) -> __279193__279193
(1, 1) -> (1, 2) -> __279195__(1, 3) -> __279199__279199
(1, 2) -> (2, 2) -> __18__(3, 2) -> __274__(4, 2) -> __4370__4370
(1, 2) -> (2, 3) -> __4402__(3, 4) -> __5426__(4, 5) -> __38194__38194
(1, 2) -> (1, 3) -> __38198__38198
(1, 3) -> (2, 3) -> __36__(3, 3) -> __548__(4, 3) -> __8740__(5, 3) -> __74276__74276
(1, 3) -> (2, 4) -> __74340__(3, 5) -> __76388__76388
(1, 3) -> 76388
(2, 1) -> (3, 1) -> __136__136
(2, 1) -> (3, 2) -> __392__(4, 3) -> __8584__(5, 4) -> __139656__139656
(2, 1) -> (2, 2) -> __139672__(2, 3) -> __139704__(2, 4) -> __139768__139768
(2, 2) -> (3, 2) -> __272__(4, 2) -> __4368__4368
(2, 2) -> (3, 3) -> __4880__(4, 4) -> __21264__(5, 5) -> __283408__283408
(2, 2) -> (2, 3) -> __283440__(2, 4) -> __283504__283504
(2, 3) -> (3, 3) -> __544__(4, 3) -> __8736__(5, 3) -> __74272__74272
(2, 3) -> (3, 4) -> __75296__(4, 5) -> __108064__108064
(2, 3) -> (2, 4) -> __108128__108128
(2, 4) -> (3, 4) -> __1088__(4, 4) -> __17472__(5, 4) -> __148544__148544
(2, 4) -> (3, 5) -> __150592__150592
(2, 4) -> 150592
(3, 1) -> 128
(3, 1) -> (4, 2) -> __4224__(5, 3) -> __69760__69760
(3, 1) -> (3, 2) -> __70016__(3, 3) -> __70528__(3, 4) -> __71552__(3, 5) -> __73600__73600
(3, 2) -> (4, 2) -> __4352__4352
(3, 2) -> (4, 3) -> __12544__(5, 4) -> __143616__143616
(3, 2) -> (3, 3) -> __144128__(3, 4) -> __145152__(3, 5) -> __147200__147200
(3, 3) -> (4, 3) -> __8704__(5, 3) -> __74240__74240
(3, 3) -> (4, 4) -> __90624__(5, 5) -> __352768__352768
(3, 3) -> (3, 4) -> __353792__(3, 5) -> __355840__355840
(3, 4) -> (4, 4) -> __17408__(5, 4) -> __148480__148480
(3, 4) -> (4, 5) -> __181248__181248
(3, 4) -> (3, 5) -> __183296__183296
(3, 5) -> (4, 5) -> __34816__(5, 5) -> __296960__296960
(3, 5) -> 296960
(3, 5) -> 296960
(4, 2) -> 4096
(4, 2) -> (5, 3) -> __69632__69632
(4, 2) -> (4, 3) -> __77824__(4, 4) -> __94208__(4, 5) -> __126976__126976
(4, 3) -> (5, 3) -> __73728__73728
(4, 3) -> (5, 4) -> __204800__204800
(4, 3) -> (4, 4) -> __221184__(4, 5) -> __253952__253952
(4, 4) -> (5, 4) -> __147456__147456
(4, 4) -> (5, 5) -> __409600__409600
(4, 4) -> (4, 5) -> __442368__442368
(4, 5) -> (5, 5) -> __294912__294912
(4, 5) -> 294912
(4, 5) -> 294912
(5, 3) -> 65536
(5, 3) -> 65536
(5, 3) -> (5, 4) -> __196608__(5, 5) -> __458752__458752
(5, 4) -> 131072
(5, 4) -> 131072
(5, 4) -> (5, 5) -> __393216__393216
(5, 5) -> 262144
(5, 5) -> 262144
(5, 5) -> 262144
1
9
137
153
665
17049
279193
279195
279199
2
18
274
4370
4402
5426
38194
38198
4
36
548
8740
74276
74340
76388
8
136
392
8584
139656
139672
139704
139768
16
272
4368
4880
21264
283408
283440
283504
32
544
8736
74272
75296
108064
108128
64
1088
17472
148544
150592
128
4224
69760
70016
70528
71552
73600
256
4352
12544
143616
144128
145152
147200
512
8704
74240
90624
352768
353792
355840
1024
17408
148480
181248
183296
2048
34816
296960
4096
69632
77824
94208
126976
8192
73728
204800
221184
253952
16384
147456
409600
442368
32768
294912
65536
196608
458752
131072
393216
262144
103
Karlsson
vis[32] = 1
vis[512] = 1
vis[544] = 1
vis[1024] = 1
vis[1056] = 0
vis[1536] = 0
vis[1568] = 1
