0
1
2
3
4
5
6
7
8
9
10
11
12
13
14
15
16
17
18
19
20
22
23
25
26
28
29
33
36
39
40
44
45
46
47
48
49
50
55
56
58
59
66
69
70
77
78
79
80
88
89
99
100
110
111
112
113
114
115
116
117
118
119
120
122
123
125
126
128
129
133
136
139
140
144
145
146
147
148
149
150
155
156
158
159
166
169
170
177
178
179
180
188
189
199
200
220
222
223
225
226
228
229
233
236
239
250
255
256
258
259
266
269
280
288
289
299
333
336
339
366
369
399
400
440
444
445
446
447
448
449
450
455
456
458
459
466
469
470
477
478
479
480
488
489
499
500
550
555
556
558
559
566
569
580
588
589
599
666
669
699
700
770
777
778
779
780
788
789
799
800
880
888
889
899
999
