3
2
2
642
4
7
2
438
2
2
2
862
8
2
2
11
720
12
14
2
2
2
4
6
2
4
6
2
2
7
2
2
2
2
2
4
6
2
2
2
4
6
2
4
6
8
10
2
4
2
4
2
4
2
2
6
2
4
2
2
2
4
8
9
10
16
18
21
28
2
4
6
2
4
6
2
2
2
2
2
944
2
29
30
2
2
31
2
4
2
2
6
8
2
4
2
2
6
2
4
2
2
6
10
12
2
2
2
2
2
2
14
2
4
6
8
2
4
2
4
10
2
2
11
12
2
2
14
26
2
4
2
4
2
4
6
2
4
6
35
2
4
2
2
2
4
36
2
2
37
2
2
38
40
42
45
46
48
50
51
52
2
2
2
2
2
2
54
2
2
55
2
2
56
57
2
4
2
4
58
2
4
2
4
2
2
31
62
2
4
6
2
2
2
4
6
2
4
2
2
6
8
2
2
10
12
2
4
2
2
6
8
10
2
2
12
2
2
24
42
2
2
8
2
2
8
66
67
2
2
2
2
32
68
2
4
2
2
2
2
2
2
6
8
2
2
2
2
2
4
2
4
10
2
2
12
2
4
2
2
2
4
2
2
2
4
6
8
2
4
2
2
6
2
2
2
2
2
2
8
2
4
2
4
2
4
2
2
2
2
6
2
4
6
14
2
2
2
4
6
2
4
6
16
18
20
22
2
4
6
2
4
2
4
8
10
12
2
2
2
2
14
2
4
2
2
2
2
6
2
2
8
2
4
6
2
4
2
4
2
2
2
2
2
4
6
10
2
2
12
2
2
14
2
4
2
4
2
2
26
30
2
2
2
2
2
2
2
2
2
4
6
8
2
2
10
2
4
2
2
6
8
2
4
6
2
4
2
4
2
2
2
4
6
10
32
2
4
6
2
2
8
2
2
10
2
2
12
2
2
2
4
2
2
2
4
14
16
2
4
2
4
18
2
4
2
2
2
2
6
2
2
8
10
2
2
12
2
2
14
4
16
18
2
2
34
42
44
48
2
4
2
2
6
2
2
8
2
2
10
12
2
2
2
2
2
4
2
2
6
2
2
2
4
2
2
2
4
8
10
2
2
12
2
4
2
4
2
4
5
2
2
2
2
6
2
4
2
4
8
10
2
4
6
8
56
58
60
64
2
2
2
4
2
2
2
2
6
2
2
2
4
6
80
2
4
2
4
2
2
2
2
10
128
562
2
4
2
2
2
4
2
4
6
2
4
6
66
84
124
130
2
2
2
4
6
8
2
2
10
2
2
12
2
2
14
2
4
6
2
2
2
2
2
2
8
10
12
2
4
6
8
2
2
10
12
2
4
6
8
2
2
10
12
108
38
110
2
2
688
2
114
4
6
2
2
8
2
4
2
4
10
706
2
2
2
2
12
2
4
2
4
14
2
2
2
2
2
4
6
2
2
2
2
714
716
8
572
2
4
2
718
2
6
860
8
2
2
2
4
2
4
2
2
11
2
2
16
2
2
2
2
2
4
2
4
2
862
2
20
22
25
2
2
864
26
2
4
6
8
10
2
2
2
898
2
12
14
16
2
4
6
8
10
12
2
986
4
2
4
14
2
2
2
4
2
2
2
2
6
2
2
8
2
2
10
584
710
570
2
2
600
2
900
712
4
6
2
4
932
2
4
2
900
4
2
4
8
756
10
2
2
722
938
16
2
4
762
2
4
2
952
2
28
29
766
2
2
2
802
814
4
690
2
2
2
4
30
32
34
2
4
2
2
926
826
6
2
830
846
4
6
35
36
2
2
37
2
2
2
4
6
8
10
2
2
2
4
6
8
10
2
2
2
4
6
8
10
12
16
18
20
2
4
6
2
8
2
2
2
2
2
4
2
2
2
2
6
2
2
2
4
2
848
2
2
2
576
2
4
2
2
2
2
2
4
6
930
938
2
2
2
4
6
2
4
2
2
6
2
4
6
8
2
570
4
656
2
4
22
2
4
822
2
4
990
24
2
4
6
2
2
2
2
8
824
2
2
2
4
2
2
2
2
2
2
2
2
2
4
10
12
2
2
15
2
2
2
2
16
2
4
2
4
18
20
22
24
2
2
32
2
2
33
38
40
2
2
43
45
36
46
48
2
4
2
2
6
8
2
2
2
2
10
12
14
16
2
4
6
2
4
6
18
20
2
2
22
24
2
2
2
4
6
2
2
2
4
6
2
2
2
2
26
952
28
2
2
2
4
6
8
2
2
2
4
6
2
4
6
2
2
10
12
14
2
4
2
772
2
