fail[1] = 0
fail[2] = 1
fail[3] = 7
fail[4] = 8
fail[5] = 9
fail[6] = 10
fail[7] = 1
fail[8] = 12
fail[9] = 13
fail[10] = 14
fail[11] = 2
fail[12] = 1
fail[13] = 1
fail[14] = 1
 0  0  -  -  -  -  0  -  -  -  -  0  -  - 
 0  0  0  -  -  -  -  -  -  -  -  0  -  - 
 0  0  -  0  -  -  0  -  -  -  -  -  -  - 
 0  0  -  -  0  -  0  -  -  -  -  0  -  - 
 0  0  -  -  -  4  0  -  -  -  -  0  -  - 
 0  -  -  -  -  -  0  -  -  -  2  0  -  - 
 0  0  -  -  -  -  0  0  -  -  -  -  -  - 
 0  0  -  -  -  -  0  -  0  -  -  0  -  - 
 0  0  -  -  -  -  0  -  -  1  -  0  -  - 
 0  -  -  -  -  -  0  -  -  -  2  0  -  - 
 0  0  0  -  -  -  -  -  -  -  -  0  -  - 
 0  0  -  -  -  -  0  -  -  -  -  0  0  - 
 0  0  -  -  -  -  0  -  -  -  -  0  -  1 
 0  0  -  -  -  -  0  -  -  -  -  0  -  - 
a = 
 0  0  -  -  -  -  0  -  -  -  -  0  -  - 
 0  0  0  -  -  -  -  -  -  -  -  0  -  - 
 0  0  -  0  -  -  0  -  -  -  -  -  -  - 
 0  0  -  -  0  -  0  -  -  -  -  0  -  - 
 0  0  -  -  -  4  0  -  -  -  -  0  -  - 
 0  -  -  -  -  -  0  -  -  -  2  0  -  - 
 0  0  -  -  -  -  0  0  -  -  -  -  -  - 
 0  0  -  -  -  -  0  -  0  -  -  0  -  - 
 0  0  -  -  -  -  0  -  -  1  -  0  -  - 
 0  -  -  -  -  -  0  -  -  -  2  0  -  - 
 0  0  0  -  -  -  -  -  -  -  -  0  -  - 
 0  0  -  -  -  -  0  -  -  -  -  0  0  - 
 0  0  -  -  -  -  0  -  -  -  -  0  -  1 
 0  0  -  -  -  -  0  -  -  -  -  0  -  - 
f = 
 6  6  6  6  6  6  6  6  4  5  6  6  6  7 
 6  6  6  6  6  6  6  6  4  5  6  6  6  7 
 6  6  6  6  6  6  6  6  4  5  6  6  6  7 
 6  6  6  6  6  6  6  6  4  5  6  6  6  7 
 6  6  6  6  6  6  6  6  4  5  6  6  6  7 
 6  6  6  6  6  6  6  6  4  5  6  6  6  7 
 6  6  6  6  6  6  6  6  4  5  6  6  6  7 
 6  6  6  6  6  6  6  6  4  5  6  6  6  7 
 6  6  6  6  6  6  6  6  4  5  6  6  6  7 
 6  6  6  6  6  6  6  6  4  5  6  6  6  7 
 6  6  6  6  6  6  6  6  4  5  6  6  6  7 
 6  6  6  6  6  6  6  6  4  5  6  6  6  7 
 6  6  6  6  6  6  6  6  4  5  6  6  6  7 
 6  6  6  6  6  6  6  6  4  5  6  6  6  7 
7
